{"numTotalTestSuites":5,"numPassedTestSuites":5,"numFailedTestSuites":0,"numPendingTestSuites":0,"numTotalTests":7,"numPassedTests":7,"numFailedTests":0,"numPendingTests":0,"numTodoTests":0,"snapshot":{"added":0,"failure":false,"filesAdded":0,"filesRemoved":0,"filesRemovedList":[],"filesUnmatched":0,"filesUpdated":0,"matched":0,"total":0,"unchecked":0,"uncheckedKeysByFile":[],"unmatched":0,"updated":0,"didUpdate":false},"startTime":1769929364391,"success":true,"testResults":[{"assertionResults":[{"ancestorTitles":["himkosh gateway helpers"],"fullName":"himkosh gateway helpers trims values and treats blank strings as undefined","status":"passed","title":"trims values and treats blank strings as undefined","duration":2.750050999999985,"failureMessages":[],"meta":{}},{"ancestorTitles":["himkosh gateway helpers"],"fullName":"himkosh gateway helpers parses optional numeric inputs","status":"passed","title":"parses optional numeric inputs","duration":0.7382619999998496,"failureMessages":[],"meta":{}},{"ancestorTitles":["himkosh gateway helpers"],"fullName":"himkosh gateway helpers merges overrides without mutating the base config","status":"passed","title":"merges overrides without mutating the base config","duration":3.210692999999992,"failureMessages":[],"meta":{}},{"ancestorTitles":["HimKosh gateway helpers"],"fullName":"HimKosh gateway helpers trims string values safely","status":"passed","title":"trims string values safely","duration":0.3170540000000983,"failureMessages":[],"meta":{}},{"ancestorTitles":["HimKosh gateway helpers"],"fullName":"HimKosh gateway helpers parses optional numbers","status":"passed","title":"parses optional numbers","duration":0.3834640000000036,"failureMessages":[],"meta":{}}],"startTime":1769929367213,"endTime":1769929367221.3835,"status":"passed","message":"","name":"/home/subhash.thakur.india/Projects/hptourism/homestay/server/himkosh/gatewayConfig.test.ts"},{"assertionResults":[{"ancestorTitles":["Button component"],"fullName":"Button component renders children and applies semantic role","status":"passed","title":"renders children and applies semantic role","duration":312.30744799999957,"failureMessages":[],"meta":{}},{"ancestorTitles":["Button component"],"fullName":"Button component applies variant specific styles","status":"passed","title":"applies variant specific styles","duration":6.515026999999918,"failureMessages":[],"meta":{}}],"startTime":1769929366897,"endTime":1769929367215.5151,"status":"passed","message":"","name":"/home/subhash.thakur.india/Projects/hptourism/homestay/client/src/components/ui/button.test.tsx"}]}