{"numTotalTestSuites":5,"numPassedTestSuites":5,"numFailedTestSuites":0,"numPendingTestSuites":0,"numTotalTests":7,"numPassedTests":7,"numFailedTests":0,"numPendingTests":0,"numTodoTests":0,"snapshot":{"added":0,"failure":false,"filesAdded":0,"filesRemoved":0,"filesRemovedList":[],"filesUnmatched":0,"filesUpdated":0,"matched":0,"total":0,"unchecked":0,"uncheckedKeysByFile":[],"unmatched":0,"updated":0,"didUpdate":false},"startTime":1774091056043,"success":true,"testResults":[{"assertionResults":[{"ancestorTitles":["himkosh gateway helpers"],"fullName":"himkosh gateway helpers trims values and treats blank strings as undefined","status":"passed","title":"trims values and treats blank strings as undefined","duration":5.477227999999741,"failureMessages":[],"meta":{}},{"ancestorTitles":["himkosh gateway helpers"],"fullName":"himkosh gateway helpers parses optional numeric inputs","status":"passed","title":"parses optional numeric inputs","duration":0.930033000000094,"failureMessages":[],"meta":{}},{"ancestorTitles":["himkosh gateway helpers"],"fullName":"himkosh gateway helpers merges overrides without mutating the base config","status":"passed","title":"merges overrides without mutating the base config","duration":10.774299000000156,"failureMessages":[],"meta":{}},{"ancestorTitles":["HimKosh gateway helpers"],"fullName":"HimKosh gateway helpers trims string values safely","status":"passed","title":"trims string values safely","duration":0.5117569999997613,"failureMessages":[],"meta":{}},{"ancestorTitles":["HimKosh gateway helpers"],"fullName":"HimKosh gateway helpers parses optional numbers","status":"passed","title":"parses optional numbers","duration":0.5989879999997356,"failureMessages":[],"meta":{}}],"startTime":1774091066934,"endTime":1774091066955.5989,"status":"passed","message":"","name":"/home/subhash.thakur.india/Projects/hptourism/homestay/server/himkosh/gatewayConfig.test.ts"},{"assertionResults":[{"ancestorTitles":["Button component"],"fullName":"Button component renders children and applies semantic role","status":"passed","title":"renders children and applies semantic role","duration":289.8258170000008,"failureMessages":[],"meta":{}},{"ancestorTitles":["Button component"],"fullName":"Button component applies variant specific styles","status":"passed","title":"applies variant specific styles","duration":4.93308800000068,"failureMessages":[],"meta":{}}],"startTime":1774091064000,"endTime":1774091064294.933,"status":"passed","message":"","name":"/home/subhash.thakur.india/Projects/hptourism/homestay/client/src/components/ui/button.test.tsx"}]}